Arguments: 
  /usr/local/bin/node /usr/local/bin/yarn start

PATH: 
  /usr/local/bin:/usr/bin:/bin:/usr/sbin:/sbin:/usr/local/share/dotnet:/Library/Frameworks/Mono.framework/Versions/Current/Commands:/Applications/Xamarin Workbooks.app/Contents/SharedSupport/path-bin

Yarn version: 
  1.5.1

Node version: 
  8.11.4

Platform: 
  darwin x64

npm manifest: 
  {
    "name": "ace-catalog",
    "version": "1.0.0",
    "description": "",
    "main": "main.js",
    "scripts": {
      "start": "electron .",
      "test": "echo \"Error: no test specified\" && exit 1",
      "package-mac": "electron-packager ./ Catalog --all --out ~/Desktop/Catalog --version 2.0.1",
      "package-win": "electron-packager . ace-catalog --overwrite --asar=true --platform=win32 --arch=ia32 --icon=assets/icons/win/icon.ico --prune=true --out=release-builds --version-string.CompanyName=CE --version-string.FileDescription=CE --version-string.ProductName=\"Ace Industrial Tool Catalog\"",
      "dist": "build"
    },
    "author": "Peter Hoang",
    "license": "ISC",
    "dependencies": {
      "bootstrap": "^4.1.1",
      "jquery": "^3.3.1"
    },
    "devDependencies": {
      "electron": "^2.0.1",
      "electron-packager": "^12.1.0",
      "electron-builder": "^20.26.1"
    },
    "build": {
      "appId": "com.ace.catalogue",
      "win": {
        "target": "nsis",
        "icon": "build/icon.ico"
      }
    }
  }

yarn manifest: 
  No manifest

Lockfile: 
  No lockfile

Trace: 
  Error: Command failed.
  Exit code: 127
  Command: sh
  Arguments: -c electron .
  Directory: /Users/franciscoviray/Desktop/ac
  Output:
  
      at ProcessTermError.MessageError (/usr/local/lib/node_modules/yarn/lib/cli.js:186:110)
      at new ProcessTermError (/usr/local/lib/node_modules/yarn/lib/cli.js:226:113)
      at ChildProcess.<anonymous> (/usr/local/lib/node_modules/yarn/lib/cli.js:30281:17)
      at emitTwo (events.js:126:13)
      at ChildProcess.emit (events.js:214:7)
      at maybeClose (internal/child_process.js:925:16)
      at Process.ChildProcess._handle.onexit (internal/child_process.js:209:5)
